<?xml version="1.0" encoding="UTF-8"?>
<!-- Generated by org.testng.reporters.JUnitXMLReporter -->
<testsuite ignored="0" hostname="Abhi" failures="0" tests="9" name="Default test" time="18.999" errors="0" timestamp="2023-12-18T13:06:47 IST">
  <testcase classname="api.tests.DDT_Tests" name="DDT_POST" time="4.14"/>
  <testcase classname="api.tests.DDT_Tests" name="DDT_POST" time="1.587"/>
  <testcase classname="api.tests.DDT_Tests" name="DDT_POST" time="1.532"/>
  <testcase classname="api.tests.DDT_Tests" name="DDT_GET" time="1.579"/>
  <testcase classname="api.tests.DDT_Tests" name="DDT_GET" time="1.589"/>
  <testcase classname="api.tests.DDT_Tests" name="DDT_GET" time="1.432"/>
  <testcase classname="api.tests.DDT_Tests" name="DDT_delete" time="1.494"/>
  <testcase classname="api.tests.DDT_Tests" name="DDT_delete" time="1.574"/>
  <testcase classname="api.tests.DDT_Tests" name="DDT_delete" time="1.449"/>
</testsuite> <!-- Default test -->
