<?xml version="1.0" encoding="UTF-8"?>
<testng-results ignored="0" total="4" passed="4" failed="0" skipped="0">
  <reporter-output>
  </reporter-output>
  <suite started-at="2023-12-18T15:44:59 IST" name="PetSuite" finished-at="2023-12-18T15:45:08 IST" duration-ms="9131">
    <groups>
    </groups>
    <test started-at="2023-12-18T15:44:59 IST" name="Test" finished-at="2023-12-18T15:45:08 IST" duration-ms="9131">
      <class name="api.tests.UserTests2">
        <test-method is-config="true" signature="setup()[pri:0, instance:api.tests.UserTests2@63a12c68]" started-at="2023-12-18T15:44:59 IST" name="setup" finished-at="2023-12-18T15:45:00 IST" duration-ms="615" status="PASS">
          <reporter-output>
          </reporter-output>
        </test-method> <!-- setup -->
        <test-method signature="PostUsertest()[pri:1, instance:api.tests.UserTests2@63a12c68]" started-at="2023-12-18T15:45:00 IST" name="PostUsertest" finished-at="2023-12-18T15:45:03 IST" duration-ms="3030" status="PASS">
          <reporter-output>
          </reporter-output>
        </test-method> <!-- PostUsertest -->
        <test-method signature="GetUserByName()[pri:2, instance:api.tests.UserTests2@63a12c68]" started-at="2023-12-18T15:45:03 IST" name="GetUserByName" finished-at="2023-12-18T15:45:04 IST" duration-ms="1245" status="PASS">
          <reporter-output>
          </reporter-output>
        </test-method> <!-- GetUserByName -->
        <test-method signature="testUpdateUserByName()[pri:3, instance:api.tests.UserTests2@63a12c68]" started-at="2023-12-18T15:45:04 IST" name="testUpdateUserByName" finished-at="2023-12-18T15:45:07 IST" duration-ms="2680" status="PASS">
          <reporter-output>
          </reporter-output>
        </test-method> <!-- testUpdateUserByName -->
        <test-method signature="testDeleteUserByName()[pri:4, instance:api.tests.UserTests2@63a12c68]" started-at="2023-12-18T15:45:07 IST" name="testDeleteUserByName" finished-at="2023-12-18T15:45:08 IST" duration-ms="1309" status="PASS">
          <reporter-output>
          </reporter-output>
        </test-method> <!-- testDeleteUserByName -->
      </class> <!-- api.tests.UserTests2 -->
    </test> <!-- Test -->
  </suite> <!-- PetSuite -->
</testng-results>
