<?xml version="1.0" encoding="UTF-8"?>
<testng-results ignored="0" total="4" passed="4" failed="0" skipped="0">
  <reporter-output>
  </reporter-output>
  <suite started-at="2023-12-18T17:20:30 IST" name="PetSuite" finished-at="2023-12-18T17:20:39 IST" duration-ms="9172">
    <groups>
    </groups>
    <test started-at="2023-12-18T17:20:30 IST" name="Test" finished-at="2023-12-18T17:20:39 IST" duration-ms="9172">
      <class name="api.tests.UserTests2">
        <test-method is-config="true" signature="setup()[pri:0, instance:api.tests.UserTests2@69b2283a]" started-at="2023-12-18T17:20:30 IST" name="setup" finished-at="2023-12-18T17:20:31 IST" duration-ms="544" status="PASS">
          <reporter-output>
          </reporter-output>
        </test-method> <!-- setup -->
        <test-method signature="PostUsertest()[pri:1, instance:api.tests.UserTests2@69b2283a]" started-at="2023-12-18T17:20:31 IST" name="PostUsertest" finished-at="2023-12-18T17:20:34 IST" duration-ms="3091" status="PASS">
          <reporter-output>
          </reporter-output>
        </test-method> <!-- PostUsertest -->
        <test-method signature="GetUserByName()[pri:2, instance:api.tests.UserTests2@69b2283a]" started-at="2023-12-18T17:20:34 IST" name="GetUserByName" finished-at="2023-12-18T17:20:35 IST" duration-ms="1336" status="PASS">
          <reporter-output>
          </reporter-output>
        </test-method> <!-- GetUserByName -->
        <test-method signature="testUpdateUserByName()[pri:3, instance:api.tests.UserTests2@69b2283a]" started-at="2023-12-18T17:20:35 IST" name="testUpdateUserByName" finished-at="2023-12-18T17:20:38 IST" duration-ms="2588" status="PASS">
          <reporter-output>
          </reporter-output>
        </test-method> <!-- testUpdateUserByName -->
        <test-method signature="testDeleteUserByName()[pri:4, instance:api.tests.UserTests2@69b2283a]" started-at="2023-12-18T17:20:38 IST" name="testDeleteUserByName" finished-at="2023-12-18T17:20:39 IST" duration-ms="1328" status="PASS">
          <reporter-output>
          </reporter-output>
        </test-method> <!-- testDeleteUserByName -->
      </class> <!-- api.tests.UserTests2 -->
    </test> <!-- Test -->
  </suite> <!-- PetSuite -->
</testng-results>
