<?xml version="1.0" encoding="UTF-8"?>
<testng-results ignored="0" total="1" passed="1" failed="0" skipped="0">
  <reporter-output>
  </reporter-output>
  <suite started-at="2023-12-19T17:43:05 IST" name="Default suite" finished-at="2023-12-19T17:43:08 IST" duration-ms="2612">
    <groups>
    </groups>
    <test started-at="2023-12-19T17:43:05 IST" name="Default test" finished-at="2023-12-19T17:43:08 IST" duration-ms="2612">
      <class name="posts.fileUploadAPI">
        <test-method signature="singleFileUpload()[pri:1, instance:posts.fileUploadAPI@4fb3ee4e]" started-at="2023-12-19T17:43:05 IST" name="singleFileUpload" finished-at="2023-12-19T17:43:08 IST" duration-ms="2564" status="PASS">
          <reporter-output>
          </reporter-output>
        </test-method> <!-- singleFileUpload -->
      </class> <!-- posts.fileUploadAPI -->
    </test> <!-- Default test -->
  </suite> <!-- Default suite -->
</testng-results>
