<?xml version="1.0" encoding="UTF-8"?>
<!-- Generated by org.testng.reporters.JUnitXMLReporter -->
<testsuite ignored="0" hostname="Abhi" failures="0" tests="4" name="Test" time="9.131" errors="0" timestamp="2023-12-18T15:45:09 IST">
  <testcase classname="api.tests.UserTests2" name="PostUsertest" time="3.03"/>
  <testcase classname="api.tests.UserTests2" name="GetUserByName" time="1.245"/>
  <testcase classname="api.tests.UserTests2" name="testUpdateUserByName" time="2.68"/>
  <testcase classname="api.tests.UserTests2" name="testDeleteUserByName" time="1.309"/>
</testsuite> <!-- Test -->
