<?xml version="1.0" encoding="UTF-8"?>
<!-- Generated by org.testng.reporters.JUnitXMLReporter -->
<testsuite ignored="0" hostname="Abhi" failures="0" tests="4" name="Test" time="9.172" errors="0" timestamp="2023-12-18T17:20:39 IST">
  <testcase classname="api.tests.UserTests2" name="PostUsertest" time="3.091"/>
  <testcase classname="api.tests.UserTests2" name="GetUserByName" time="1.336"/>
  <testcase classname="api.tests.UserTests2" name="testUpdateUserByName" time="2.588"/>
  <testcase classname="api.tests.UserTests2" name="testDeleteUserByName" time="1.328"/>
</testsuite> <!-- Test -->
