<?xml version="1.0" encoding="UTF-8"?>
<!-- Generated by org.testng.reporters.JUnitXMLReporter -->
<testsuite ignored="0" hostname="Abhi" failures="0" tests="4" name="Test" time="8.716" errors="0" timestamp="2023-12-18T15:35:11 IST">
  <testcase classname="api.tests.UserTests2" name="PostUsertest" time="2.757"/>
  <testcase classname="api.tests.UserTests2" name="GetUserByName" time="1.32"/>
  <testcase classname="api.tests.UserTests2" name="testUpdateUserByName" time="2.57"/>
  <testcase classname="api.tests.UserTests2" name="testDeleteUserByName" time="1.278"/>
</testsuite> <!-- Test -->
